-------------------------------------------------------------------------------
Test set: TestSuite
-------------------------------------------------------------------------------
Tests run: 10, Failures: 1, Errors: 0, Skipped: 0, Time elapsed: 318.8 s <<< FAILURE! - in TestSuite
runScenario(com.fedex.automation.runner.runner)  Time elapsed: 21.728 s  <<< FAILURE!
java.lang.AssertionError: 

Expecting actual:
  ""
to be equal to:
  "Open a FedEx account"
when ignoring whitespace differences

