<?xml version="1.0" encoding="UTF-8"?>
<testsuite xmlns:xsi="http://www.w3.org/2001/XMLSchema-instance" xsi:noNamespaceSchemaLocation="https://maven.apache.org/surefire/maven-surefire-plugin/xsd/surefire-test-report.xsd" name="TestSuite" time="318.8" tests="10" errors="0" skipped="0" failures="1">
  <properties>
[...]
</properties>
  <testcase name="runScenario" classname="com.fedex.automation.runner.runner" time="18.504"/>
  <testcase name="runScenario" classname="com.fedex.automation.runner.runner" time="22.273"/>
  <testcase name="runScenario" classname="com.fedex.automation.runner.runner" time="20.872"/>
  <testcase name="runScenario" classname="com.fedex.automation.runner.runner" time="44.61"/>
  <testcase name="runScenario" classname="com.fedex.automation.runner.runner" time="42.706"/>
  <testcase name="runScenario" classname="com.fedex.automation.runner.runner" time="21.728">
    <failure message="&#10;Expecting actual:&#10;  &quot;&quot;&#10;to be equal to:&#10;  &quot;Open a FedEx account&quot;&#10;when ignoring whitespace differences" type="java.lang.AssertionError">java.lang.AssertionError: 

Expecting actual:
  ""
to be equal to:
  "Open a FedEx account"
when ignoring whitespace differences
</failure>
    <system-out><![CDATA[
@run
Scenario: I click on open an account option and check its functionality # src/test/resources/features/Test.feature:58
  Given I launch the application                                        # com.fedex.automation.stepdefs.StepDefinition.i_launch_the_application()
  When I select a region                                                # com.fedex.automation.stepdefs.StepDefinition.i_select_a_region()
  Then I verify the page title                                          # com.fedex.automation.stepdefs.StepDefinition.i_verify_page_title()
  When I click on signup/login link                                     # com.fedex.automation.stepdefs.StepDefinition.i_click_on_signup_or_login_link()
  And I click on open an account option                                 # com.fedex.automation.stepdefs.StepDefinition.i_click_on_open_an_account_option()
  Then I verify that I am on open a business account page               # com.fedex.automation.stepdefs.StepDefinition.i_verify_that_i_am_on_open_a_business_account_page()
      java.lang.AssertionError: 
Expecting actual:
  ""
to be equal to:
  "Open a FedEx account"
when ignoring whitespace differences
	at com.fedex.automation.stepdefs.StepDefinition.i_verify_that_i_am_on_open_a_business_account_page(StepDefinition.java:142)
	at âœ½.I verify that I am on open a business account page(file:///D:/Workspaces/Interviews/workspace/src/test/resources/features/Test.feature:61)

]]></system-out>
    <system-err><![CDATA[Starting ChromeDriver 97.0.4692.71 (adefa7837d02a07a604c1e6eff0b3a09422ab88d-refs/branch-heads/4692@{#1247}) on port 16603
Only local connections are allowed.
Please see https://chromedriver.chromium.org/security-considerations for suggestions on keeping ChromeDriver safe.
ChromeDriver was started successfully.
Jan 24, 2022 2:20:13 AM org.openqa.selenium.remote.ProtocolHandshake createSession
INFO: Detected dialect: W3C
]]></system-err>
  </testcase>
  <testcase name="runScenario" classname="com.fedex.automation.runner.runner" time="53.668"/>
  <testcase name="runScenario" classname="com.fedex.automation.runner.runner" time="24.137"/>
  <testcase name="runScenario" classname="com.fedex.automation.runner.runner" time="23.082"/>
  <testcase name="runScenario" classname="com.fedex.automation.runner.runner" time="45.932"/>
</testsuite>