<?xml version="1.0" encoding="UTF-8"?>
<!-- Generated by org.testng.reporters.JUnitReportReporter -->
<testsuite hostname="LAPTOP-BD04NJC5" failures="1" tests="10" name="com.fedex.automation.runner.runner" time="317.506" errors="0" timestamp="2022-01-24T02:23:01 IST" skipped="0">
  <testcase classname="com.fedex.automation.runner.runner" name="runScenario" time="18.504"/>
  <system-out/>
  <testcase classname="com.fedex.automation.runner.runner" name="runScenario" time="24.137"/>
  <system-out/>
  <testcase classname="com.fedex.automation.runner.runner" name="runScenario" time="21.724">
    <failure message="
Expecting actual:
  &quot;&quot;
to be equal to:
  &quot;Open a FedEx account&quot;
when ignoring whitespace differences" type="java.lang.AssertionError">
      <![CDATA[java.lang.AssertionError: 
Expecting actual:
  ""
to be equal to:
  "Open a FedEx account"
when ignoring whitespace differences
at com.fedex.automation.stepdefs.StepDefinition.i_verify_that_i_am_on_open_a_business_account_page(StepDefinition.java:142)
at ✽.I verify that I am on open a business account page(file:///D:/Workspaces/Interviews/workspace/src/test/resources/features/Test.feature:61)
]]>
    </failure>
  </testcase> <!-- runScenario -->
  <system-out/>
  <testcase classname="com.fedex.automation.runner.runner" name="runScenario" time="20.871"/>
  <system-out/>
  <testcase classname="com.fedex.automation.runner.runner" name="runScenario" time="44.609"/>
  <system-out/>
  <testcase classname="com.fedex.automation.runner.runner" name="runScenario" time="42.706"/>
  <system-out/>
  <testcase classname="com.fedex.automation.runner.runner" name="runScenario" time="22.273"/>
  <system-out/>
  <testcase classname="com.fedex.automation.runner.runner" name="runScenario" time="53.668"/>
  <system-out/>
  <testcase classname="com.fedex.automation.runner.runner" name="runScenario" time="23.082"/>
  <system-out/>
  <testcase classname="com.fedex.automation.runner.runner" name="runScenario" time="45.932"/>
  <system-out/>
</testsuite> <!-- com.fedex.automation.runner.runner -->
